<?xml version="1.0" encoding="UTF-8"?><testsuites><testsuite name="Github user tests" tests="1" failures="1" time="0.019"><testcase name="test mojit" time="0.006"><failure message="Unexpected error: Cannot call method &apos;getFromUrl&apos; of undefined"><![CDATA[Unexpected error: Cannot call method 'getFromUrl' of undefined]]></failure></testcase></testsuite><testsuite name="GithubModelFoo user tests" tests="1" failures="1" time="0.003"><testcase name="test mojit model" time="0"><failure message="Values should be the same.
Expected: data (string)
Actual: undefined (undefined)"><![CDATA[Values should be the same.
Expected: data (string)
Actual: undefined (undefined)]]></failure></testcase></testsuite></testsuites>