<?xml version="1.0" encoding="UTF-8"?><testsuites><testsuite name="PageLayoutModelFoo user tests" tests="1" failures="0" time="0.005"><testcase name="test mojit model" time="0"></testcase></testsuite><testsuite name="PageLayout user tests" tests="1" failures="1" time="0.017"><testcase name="test mojit" time="0.006"><failure message="Unexpected error: Cannot call method &apos;done&apos; of undefined"><![CDATA[Unexpected error: Cannot call method 'done' of undefined]]></failure></testcase></testsuite><testsuite name="HeaderModelFoo user tests" tests="1" failures="0" time="0.004"><testcase name="test mojit model" time="0"></testcase></testsuite><testsuite name="Header user tests" tests="1" failures="1" time="0.004"><testcase name="test mojit" time="0.001"><failure message="Values should be the same.
Expected: Mojito is working. (string)
Actual: undefined (undefined)"><![CDATA[Values should be the same.
Expected: Mojito is working. (string)
Actual: undefined (undefined)]]></failure></testcase></testsuite><testsuite name="GithubModelFoo user tests" tests="1" failures="1" time="0.005"><testcase name="test mojit model" time="0.001"><failure message="Values should be the same.
Expected: data (string)
Actual: undefined (undefined)"><![CDATA[Values should be the same.
Expected: data (string)
Actual: undefined (undefined)]]></failure></testcase></testsuite><testsuite name="Github user tests" tests="1" failures="1" time="0.01"><testcase name="test mojit" time="0.003"><failure message="Values should be the same.
Expected: ./index.css (string)
Actual: undefined (undefined)"><![CDATA[Values should be the same.
Expected: ./index.css (string)
Actual: undefined (undefined)]]></failure></testcase></testsuite><testsuite name="FooterModelFoo user tests" tests="1" failures="0" time="0.003"><testcase name="test mojit model" time="0"></testcase></testsuite><testsuite name="Footer user tests" tests="1" failures="1" time="0.005"><testcase name="test mojit" time="0"><failure message="Values should be the same.
Expected: Mojito is working. (string)
Actual: undefined (undefined)"><![CDATA[Values should be the same.
Expected: Mojito is working. (string)
Actual: undefined (undefined)]]></failure></testcase></testsuite><testsuite name="BodyModelFoo user tests" tests="1" failures="0" time="0.005"><testcase name="test mojit model" time="0.001"></testcase></testsuite><testsuite name="Body user tests" tests="1" failures="1" time="0.005"><testcase name="test mojit" time="0.001"><failure message="Unexpected error: Cannot call method &apos;done&apos; of undefined"><![CDATA[Unexpected error: Cannot call method 'done' of undefined]]></failure></testcase></testsuite></testsuites>